<?xml version="1.0" encoding="UTF-8"?>
<!-- Generated by org.testng.reporters.JUnitXMLReporter -->
<testsuite ignored="0" hostname="LAPTOP-20P6ETLE" failures="0" tests="6" name="Test" time="18.903" errors="0" timestamp="2024-03-07T11:30:08 IST">
  <testcase classname="basictestNG.Execution_3" name="SkillreryTest" time="2.818"/>
  <testcase classname="basictestNG.Execution_3" name="VtigerTest" time="2.09"/>
  <testcase classname="basictestNG.Execution_2" name="AjioTest" time="3.309"/>
  <testcase classname="basictestNG.Execution_2" name="MyntraTest" time="3.753"/>
  <testcase classname="basictestNG.Execution_2" name="SwiggyTest" time="2.615"/>
  <testcase classname="basictestNG.Execution_2" name="ZomatoTest" time="4.282"/>
</testsuite> <!-- Test -->
