<?xml version="1.0" encoding="UTF-8"?>
<testng-results ignored="0" total="1" passed="1" failed="0" skipped="0">
  <reporter-output>
  </reporter-output>
  <suite started-at="2024-03-16T12:34:33 IST" name="Default suite" finished-at="2024-03-16T12:34:33 IST" duration-ms="62">
    <groups>
    </groups>
    <test started-at="2024-03-16T12:34:33 IST" name="Default test" finished-at="2024-03-16T12:34:33 IST" duration-ms="62">
      <class name="basicPOM.JenkinsTest">
        <test-method signature="JKtest()[pri:0, instance:basicPOM.JenkinsTest@68c72235]" started-at="2024-03-16T12:34:33 IST" name="JKtest" finished-at="2024-03-16T12:34:33 IST" duration-ms="11" status="PASS">
          <reporter-output>
          </reporter-output>
        </test-method> <!-- JKtest -->
      </class> <!-- basicPOM.JenkinsTest -->
    </test> <!-- Default test -->
  </suite> <!-- Default suite -->
</testng-results>
